\BOOKMARK [1][-]{section.1}{\376\377\000D\000a\000t\000a\000\040\000S\000t\000r\000u\000c\000t\000u\000r\000e}{}% 1
\BOOKMARK [2][-]{subsection.1.1}{\376\377\000F\000e\000n\000w\000i\000c\000k\000\040\000T\000r\000e\000e}{section.1}% 2
\BOOKMARK [2][-]{subsection.1.2}{\376\377\000S\000e\000g\000m\000e\000n\000t\000\040\000T\000r\000e\000e}{section.1}% 3
\BOOKMARK [2][-]{subsection.1.3}{\376\377\000S\000e\000g\000m\000e\000n\000t\000\040\000T\000r\000e\000e\000\040\000w\000i\000t\000h\000\040\000l\000a\000z\000y\000\040\000p\000r\000o\000p\000a\000g\000a\000t\000i\000o\000n}{section.1}% 4
\BOOKMARK [2][-]{subsection.1.4}{\376\377\000P\000e\000r\000s\000i\000s\000t\000e\000n\000t\000\040\000S\000e\000g\000m\000e\000n\000t\000\040\000T\000r\000e\000e}{section.1}% 5
\BOOKMARK [2][-]{subsection.1.5}{\376\377\000S\000p\000a\000r\000s\000e\000\040\000T\000a\000b\000l\000e}{section.1}% 6
\BOOKMARK [2][-]{subsection.1.6}{\376\377\000T\000r\000e\000a\000p}{section.1}% 7
\BOOKMARK [2][-]{subsection.1.7}{}{section.1}% 8
\BOOKMARK [1][-]{section.2}{\376\377\000G\000r\000a\000p\000h\000\040\000T\000h\000e\000o\000r\000y}{}% 9
\BOOKMARK [2][-]{subsection.2.1}{\376\377\000B\000e\000l\000l\000m\000a\000n\000\040\000F\000o\000r\000d}{section.2}% 10
\BOOKMARK [2][-]{subsection.2.2}{\376\377\000H\000o\000p\000c\000r\000o\000f\000t\000\040\000K\000a\000r\000p}{section.2}% 11
\BOOKMARK [2][-]{subsection.2.3}{}{section.2}% 12
\BOOKMARK [2][-]{subsection.2.4}{}{section.2}% 13
\BOOKMARK [2][-]{subsection.2.5}{}{section.2}% 14
\BOOKMARK [2][-]{subsection.2.6}{}{section.2}% 15
\BOOKMARK [2][-]{subsection.2.7}{}{section.2}% 16
\BOOKMARK [2][-]{subsection.2.8}{}{section.2}% 17
\BOOKMARK [2][-]{subsection.2.9}{}{section.2}% 18
\BOOKMARK [2][-]{subsection.2.10}{}{section.2}% 19
\BOOKMARK [2][-]{subsection.2.11}{}{section.2}% 20
\BOOKMARK [2][-]{subsection.2.12}{}{section.2}% 21
\BOOKMARK [2][-]{subsection.2.13}{}{section.2}% 22
\BOOKMARK [2][-]{subsection.2.14}{}{section.2}% 23
\BOOKMARK [2][-]{subsection.2.15}{}{section.2}% 24
\BOOKMARK [2][-]{subsection.2.16}{}{section.2}% 25
\BOOKMARK [1][-]{section.3}{\376\377\000M\000a\000t\000h}{}% 26
\BOOKMARK [2][-]{subsection.3.1}{}{section.3}% 27
\BOOKMARK [2][-]{subsection.3.2}{}{section.3}% 28
\BOOKMARK [2][-]{subsection.3.3}{}{section.3}% 29
\BOOKMARK [2][-]{subsection.3.4}{}{section.3}% 30
\BOOKMARK [2][-]{subsection.3.5}{}{section.3}% 31
\BOOKMARK [2][-]{subsection.3.6}{}{section.3}% 32
\BOOKMARK [2][-]{subsection.3.7}{}{section.3}% 33
\BOOKMARK [2][-]{subsection.3.8}{}{section.3}% 34
\BOOKMARK [2][-]{subsection.3.9}{}{section.3}% 35
\BOOKMARK [2][-]{subsection.3.10}{}{section.3}% 36
\BOOKMARK [2][-]{subsection.3.11}{}{section.3}% 37
\BOOKMARK [2][-]{subsection.3.12}{}{section.3}% 38
\BOOKMARK [2][-]{subsection.3.13}{}{section.3}% 39
\BOOKMARK [2][-]{subsection.3.14}{}{section.3}% 40
\BOOKMARK [1][-]{section.4}{\376\377\000S\000t\000r\000i\000n\000g}{}% 41
\BOOKMARK [2][-]{subsection.4.1}{}{section.4}% 42
\BOOKMARK [2][-]{subsection.4.2}{}{section.4}% 43
\BOOKMARK [2][-]{subsection.4.3}{}{section.4}% 44
\BOOKMARK [2][-]{subsection.4.4}{}{section.4}% 45
\BOOKMARK [2][-]{subsection.4.5}{}{section.4}% 46
\BOOKMARK [2][-]{subsection.4.6}{}{section.4}% 47
\BOOKMARK [2][-]{subsection.4.7}{}{section.4}% 48
\BOOKMARK [2][-]{subsection.4.8}{}{section.4}% 49
\BOOKMARK [1][-]{section.5}{\376\377\000G\000e\000o\000m\000e\000t\000r\000y}{}% 50
\BOOKMARK [2][-]{subsection.5.1}{}{section.5}% 51
\BOOKMARK [2][-]{subsection.5.2}{}{section.5}% 52
\BOOKMARK [2][-]{subsection.5.3}{}{section.5}% 53
\BOOKMARK [2][-]{subsection.5.4}{}{section.5}% 54
\BOOKMARK [2][-]{subsection.5.5}{}{section.5}% 55
\BOOKMARK [2][-]{subsection.5.6}{}{section.5}% 56
\BOOKMARK [2][-]{subsection.5.7}{}{section.5}% 57
\BOOKMARK [1][-]{section.6}{\376\377\000M\000i\000s\000c\000s}{}% 58
\BOOKMARK [2][-]{subsection.6.1}{}{section.6}% 59
